ERROR | 2022-55-21 11:55:40 | (main) com.bridgelabz.App(2) (App.java:20) -Hello World will be printed on error
FATAL | 2022-55-21 11:55:40 | (main) com.bridgelabz.App(2) (App.java:21) -Hello World will be printed on fatal
ERROR | 2022-59-21 11:59:22 | (main) com.bridgelabz.App(2) (App.java:20) -Hello World will be printed on error
FATAL | 2022-59-21 11:59:22 | (main) com.bridgelabz.App(2) (App.java:21) -Hello World will be printed on fatal
ERROR | 2022-00-21 12:00:58 | (main) com.bridgelabz.App(2) (App.java:20) -Hello World will be printed on error
FATAL | 2022-00-21 12:00:58 | (main) com.bridgelabz.App(2) (App.java:21) -Hello World will be printed on fatal
ERROR | 2022-01-21 12:01:13 | (main) com.bridgelabz.App(2) (App.java:20) -Hello World will be printed on error
FATAL | 2022-01-21 12:01:13 | (main) com.bridgelabz.App(2) (App.java:21) -Hello World will be printed on fatal
ERROR | 2022-01-21 12:01:19 | (main) com.bridgelabz.App(2) (App.java:20) -Hello World will be printed on error
FATAL | 2022-01-21 12:01:19 | (main) com.bridgelabz.App(2) (App.java:21) -Hello World will be printed on fatal
DEBUG | 2022-01-21 14:01:56 | (main) com.bridgelabz.App(2) (App.java:17) -Hello World will be printed on debug
INFO  | 2022-01-21 14:01:56 | (main) com.bridgelabz.App(2) (App.java:18) -Hello World will be printed on info
WARN  | 2022-01-21 14:01:56 | (main) com.bridgelabz.App(2) (App.java:19) -Hello World will be printed on warn
ERROR | 2022-01-21 14:01:56 | (main) com.bridgelabz.App(2) (App.java:20) -Hello World will be printed on error
FATAL | 2022-01-21 14:01:56 | (main) com.bridgelabz.App(2) (App.java:21) -Hello World will be printed on fatal
DEBUG | 2022-03-21 14:03:53 | (main) com.bridgelabz.App(2) (App.java:17) -Hello World will be printed on debug
INFO  | 2022-03-21 14:03:53 | (main) com.bridgelabz.App(2) (App.java:18) -Hello World will be printed on info
WARN  | 2022-03-21 14:03:53 | (main) com.bridgelabz.App(2) (App.java:19) -Hello World will be printed on warn
ERROR | 2022-03-21 14:03:53 | (main) com.bridgelabz.App(2) (App.java:20) -Hello World will be printed on error
FATAL | 2022-03-21 14:03:53 | (main) com.bridgelabz.App(2) (App.java:21) -Hello World will be printed on fatal
DEBUG | 2022-07-21 14:07:28 | (main) com.bridgelabz.App(2) (App.java:17) -Hello World will be printed on debug
INFO  | 2022-07-21 14:07:28 | (main) com.bridgelabz.App(2) (App.java:18) -Hello World will be printed on info
WARN  | 2022-07-21 14:07:28 | (main) com.bridgelabz.App(2) (App.java:19) -Hello World will be printed on warn
ERROR | 2022-07-21 14:07:28 | (main) com.bridgelabz.App(2) (App.java:20) -Hello World will be printed on error
FATAL | 2022-07-21 14:07:28 | (main) com.bridgelabz.App(2) (App.java:21) -Hello World will be printed on fatal
